This is pdfTeX, Version 3.14159265-2.6-1.40.18 (MiKTeX 2.9.6500 64-bit) (preloaded format=pdflatex 2017.11.17)  30 JAN 2019 11:12
entering extended mode
**V:/cs-6366-distributed-ai-project/berry_deliverable2.tex
(V:/cs-6366-distributed-ai-project/berry_deliverable2.tex
LaTeX2e <2017-04-15>
Babel <3.15> and hyphenation patterns for 75 language(s) loaded.
("C:\Users\berryap\AppData\Local\Programs\MiKTeX 2.9\tex\latex\base\article.cls
"
Document Class: article 2014/09/29 v1.4h Standard LaTeX document class
("C:\Users\berryap\AppData\Local\Programs\MiKTeX 2.9\tex\latex\base\size10.clo"
File: size10.clo 2014/09/29 v1.4h Standard LaTeX file (size option)
)
\c@part=\count79
\c@section=\count80
\c@subsection=\count81
\c@subsubsection=\count82
\c@paragraph=\count83
\c@subparagraph=\count84
\c@figure=\count85
\c@table=\count86
\abovecaptionskip=\skip41
\belowcaptionskip=\skip42
\bibindent=\dimen102
)

! LaTeX Error: File `tikz.sty' not found.

Type X to quit or <RETURN> to proceed,
or enter new name. (Default extension: sty)

Enter file name: 

("C:\Users\berryap\AppData\Local\Programs\MiKTeX 2.9\tex\latex\hyperref\hyperre
f.sty"
Package: hyperref 2017/03/14 v6.85a Hypertext links for LaTeX

("C:\Users\berryap\AppData\Local\Programs\MiKTeX 2.9\tex\generic\oberdiek\hobsu
b-hyperref.sty"
Package: hobsub-hyperref 2016/05/16 v1.14 Bundle oberdiek, subset hyperref (HO)


("C:\Users\berryap\AppData\Local\Programs\MiKTeX 2.9\tex\generic\oberdiek\hobsu
b-generic.sty"
Package: hobsub-generic 2016/05/16 v1.14 Bundle oberdiek, subset generic (HO)
Package: hobsub 2016/05/16 v1.14 Construct package bundles (HO)
Package: infwarerr 2016/05/16 v1.4 Providing info/warning/error messages (HO)
Package: ltxcmds 2016/05/16 v1.23 LaTeX kernel commands for general use (HO)
Package: ifluatex 2016/05/16 v1.4 Provides the ifluatex switch (HO)
Package ifluatex Info: LuaTeX not detected.
Package: ifvtex 2016/05/16 v1.6 Detect VTeX and its facilities (HO)
Package ifvtex Info: VTeX not detected.
Package: intcalc 2016/05/16 v1.2 Expandable calculations with integers (HO)
Package: ifpdf 2017/03/15 v3.2 Provides the ifpdf switch
Package: etexcmds 2016/05/16 v1.6 Avoid name clashes with e-TeX commands (HO)
Package etexcmds Info: Could not find \expanded.
(etexcmds)             That can mean that you are not using pdfTeX 1.50 or
(etexcmds)             that some package has redefined \expanded.
(etexcmds)             In the latter case, load this package earlier.
Package: kvsetkeys 2016/05/16 v1.17 Key value parser (HO)
Package: kvdefinekeys 2016/05/16 v1.4 Define keys (HO)
Package: pdftexcmds 2017/03/19 v0.25 Utility functions of pdfTeX for LuaTeX (HO
)
Package pdftexcmds Info: LuaTeX not detected.
Package pdftexcmds Info: \pdf@primitive is available.
Package pdftexcmds Info: \pdf@ifprimitive is available.
Package pdftexcmds Info: \pdfdraftmode found.
Package: pdfescape 2016/05/16 v1.14 Implements pdfTeX's escape features (HO)
Package: bigintcalc 2016/05/16 v1.4 Expandable calculations on big integers (HO
)
Package: bitset 2016/05/16 v1.2 Handle bit-vector datatype (HO)
Package: uniquecounter 2016/05/16 v1.3 Provide unlimited unique counter (HO)
)
Package hobsub Info: Skipping package `hobsub' (already loaded).
Package: letltxmacro 2016/05/16 v1.5 Let assignment for LaTeX macros (HO)
Package: hopatch 2016/05/16 v1.3 Wrapper for package hooks (HO)
Package: xcolor-patch 2016/05/16 xcolor patch
Package: atveryend 2016/05/16 v1.9 Hooks at the very end of document (HO)
Package atveryend Info: \enddocument detected (standard20110627).
Package: atbegshi 2016/06/09 v1.18 At begin shipout hook (HO)
Package: refcount 2016/05/16 v3.5 Data extraction from label references (HO)
Package: hycolor 2016/05/16 v1.8 Color options for hyperref/bookmark (HO)
)
("C:\Users\berryap\AppData\Local\Programs\MiKTeX 2.9\tex\latex\graphics\keyval.
sty"
Package: keyval 2014/10/28 v1.15 key=value parser (DPC)
\KV@toks@=\toks14
)
("C:\Users\berryap\AppData\Local\Programs\MiKTeX 2.9\tex\generic\ifxetex\ifxete
x.sty"
Package: ifxetex 2010/09/12 v0.6 Provides ifxetex conditional
)
("C:\Users\berryap\AppData\Local\Programs\MiKTeX 2.9\tex\latex\oberdiek\auxhook
.sty"
Package: auxhook 2016/05/16 v1.4 Hooks for auxiliary files (HO)
)
("C:\Users\berryap\AppData\Local\Programs\MiKTeX 2.9\tex\latex\oberdiek\kvoptio
ns.sty"
Package: kvoptions 2016/05/16 v3.12 Key value format for package options (HO)
)
\@linkdim=\dimen103
\Hy@linkcounter=\count87
\Hy@pagecounter=\count88

("C:\Users\berryap\AppData\Local\Programs\MiKTeX 2.9\tex\latex\hyperref\pd1enc.
def"
File: pd1enc.def 2017/03/14 v6.85a Hyperref: PDFDocEncoding definition (HO)
)
\Hy@SavedSpaceFactor=\count89

("C:\Users\berryap\AppData\Local\Programs\MiKTeX 2.9\tex\latex\00miktex\hyperre
f.cfg"
File: hyperref.cfg 2002/06/06 v1.2 hyperref configuration of TeXLive
)
Package hyperref Info: Hyper figures OFF on input line 4498.
Package hyperref Info: Link nesting OFF on input line 4503.
Package hyperref Info: Hyper index ON on input line 4506.
Package hyperref Info: Plain pages OFF on input line 4513.
Package hyperref Info: Backreferencing OFF on input line 4518.
Package hyperref Info: Implicit mode ON; LaTeX internals redefined.
Package hyperref Info: Bookmarks ON on input line 4751.
\c@Hy@tempcnt=\count90

("C:\Users\berryap\AppData\Local\Programs\MiKTeX 2.9\tex\latex\url\url.sty"
\Urlmuskip=\muskip10
Package: url 2013/09/16  ver 3.4  Verb mode for urls, etc.
)
LaTeX Info: Redefining \url on input line 5104.
\XeTeXLinkMargin=\dimen104
\Fld@menulength=\count91
\Field@Width=\dimen105
\Fld@charsize=\dimen106
Package hyperref Info: Hyper figures OFF on input line 6358.
Package hyperref Info: Link nesting OFF on input line 6363.
Package hyperref Info: Hyper index ON on input line 6366.
Package hyperref Info: backreferencing OFF on input line 6373.
Package hyperref Info: Link coloring OFF on input line 6378.
Package hyperref Info: Link coloring with OCG OFF on input line 6383.
Package hyperref Info: PDF/A mode OFF on input line 6388.
LaTeX Info: Redefining \ref on input line 6428.
LaTeX Info: Redefining \pageref on input line 6432.
\Hy@abspage=\count92
\c@Item=\count93
\c@Hfootnote=\count94
)

Package hyperref Message: Driver (autodetected): hpdftex.


("C:\Users\berryap\AppData\Local\Programs\MiKTeX 2.9\tex\latex\hyperref\hpdftex
.def"
File: hpdftex.def 2017/03/14 v6.85a Hyperref driver for pdfTeX
\Fld@listcount=\count95
\c@bookmark@seq@number=\count96

("C:\Users\berryap\AppData\Local\Programs\MiKTeX 2.9\tex\latex\oberdiek\rerunfi
lecheck.sty"
Package: rerunfilecheck 2016/05/16 v1.8 Rerun checks for auxiliary files (HO)
Package uniquecounter Info: New unique counter `rerunfilecheck' on input line 2
82.
)
\Hy@SectionHShift=\skip43
)

! LaTeX Error: File `xcolor.sty' not found.

Type X to quit or <RETURN> to proceed,
or enter new name. (Default extension: sty)

Enter file name: 

! LaTeX Error: File `breakurl.sty' not found.

Type X to quit or <RETURN> to proceed,
or enter new name. (Default extension: sty)

Enter file name: 

("C:\Users\berryap\AppData\Local\Programs\MiKTeX 2.9\tex\latex\geometry\geometr
y.sty"
Package: geometry 2010/09/12 v5.6 Page Geometry
\Gm@cnth=\count97
\Gm@cntv=\count98
\c@Gm@tempcnt=\count99
\Gm@bindingoffset=\dimen107
\Gm@wd@mp=\dimen108
\Gm@odd@mp=\dimen109
\Gm@even@mp=\dimen110
\Gm@layoutwidth=\dimen111
\Gm@layoutheight=\dimen112
\Gm@layouthoffset=\dimen113
\Gm@layoutvoffset=\dimen114
\Gm@dimlist=\toks15

("C:\Users\berryap\AppData\Local\Programs\MiKTeX 2.9\tex\latex\geometry\geometr
y.cfg"))
! Undefined control sequence.
l.9 \usetikzlibrary
                   {shapes.geometric, arrows, positioning}
? 

! LaTeX Error: Missing \begin{document}.

See the LaTeX manual or LaTeX Companion for explanation.
Type  H <return>  for immediate help.
 ...                                              
                                                  
l.9 \usetikzlibrary{s
                     hapes.geometric, arrows, positioning}
? 
! Undefined control sequence.
l.10 \tikzstyle
               {datasrc} = [rectangle, minimum width=1cm, minimum height=1cm...

? 
! Undefined control sequence.
l.11 \tikzstyle
               {bordered} = [rectangle, minimum width=3cm, minimum height=1c...

? 
! Undefined control sequence.
l.12 \tikzstyle
               {unbordered} = [rectangle, minimum width=3cm, minimum height=...

? 
! Undefined control sequence.
l.13 \tikzstyle
               {arrow} = [thick,->,>=stealth]
? 
! Undefined control sequence.
l.14 \tikzstyle
               {tool} = [rectangle, rounded corners, fill={rgb:blue,3;green,...

? 
! Undefined control sequence.
l.15 \tikzstyle
               {ellipsis} = [rectangle,draw=white, text centered]
? 
! Undefined control sequence.
l.16 \tikzstyle
               {agent} = [ellipse, draw=black, text centered]
? 

Overfull \hbox (21.6396pt too wide) in paragraph at lines 9--17
[]\OT1/cmr/m/n/10 shapes.geometric, ar-rows, po-si-tion-ing datasrc = [rect-an-
gle, min-i-mum width=1cm,
 []


Overfull \hbox (2.31229pt too wide) in paragraph at lines 9--17
\OT1/cmr/m/n/9 = [rect-an-gle, min-i-mum width=3cm, min-i-mum height=1cm, an-ch
or=west, draw=white,
 []

No file berry_deliverable2.aux.
\openout1 = `berry_deliverable2.aux'.

LaTeX Font Info:    Checking defaults for OML/cmm/m/it on input line 22.
LaTeX Font Info:    ... okay on input line 22.
LaTeX Font Info:    Checking defaults for T1/cmr/m/n on input line 22.
LaTeX Font Info:    ... okay on input line 22.
LaTeX Font Info:    Checking defaults for OT1/cmr/m/n on input line 22.
LaTeX Font Info:    ... okay on input line 22.
LaTeX Font Info:    Checking defaults for OMS/cmsy/m/n on input line 22.
LaTeX Font Info:    ... okay on input line 22.
LaTeX Font Info:    Checking defaults for OMX/cmex/m/n on input line 22.
LaTeX Font Info:    ... okay on input line 22.
LaTeX Font Info:    Checking defaults for U/cmr/m/n on input line 22.
LaTeX Font Info:    ... okay on input line 22.
LaTeX Font Info:    Checking defaults for PD1/pdf/m/n on input line 22.
LaTeX Font Info:    ... okay on input line 22.
\AtBeginShipoutBox=\box26
Package hyperref Info: Link coloring OFF on input line 22.

("C:\Users\berryap\AppData\Local\Programs\MiKTeX 2.9\tex\latex\hyperref\nameref
.sty"
Package: nameref 2016/05/21 v2.44 Cross-referencing by name of section

("C:\Users\berryap\AppData\Local\Programs\MiKTeX 2.9\tex\generic\oberdiek\getti
tlestring.sty"
Package: gettitlestring 2016/05/16 v1.5 Cleanup title references (HO)
)
\c@section@level=\count100
)
LaTeX Info: Redefining \ref on input line 22.
LaTeX Info: Redefining \pageref on input line 22.
LaTeX Info: Redefining \nameref on input line 22.
\@outlinefile=\write3
\openout3 = `berry_deliverable2.out'.


*geometry* driver: auto-detecting
*geometry* detected driver: pdftex
*geometry* verbose mode - [ preamble ] result:
* driver: pdftex
* paper: <default>
* layout: <same size as paper>
* layoutoffset:(h,v)=(0.0pt,0.0pt)
* modes: 
* h-part:(L,W,R)=(72.26999pt, 469.75502pt, 72.26999pt)
* v-part:(T,H,B)=(72.26999pt, 650.43001pt, 72.26999pt)
* \paperwidth=614.295pt
* \paperheight=794.96999pt
* \textwidth=469.75502pt
* \textheight=650.43001pt
* \oddsidemargin=0.0pt
* \evensidemargin=0.0pt
* \topmargin=-37.0pt
* \headheight=12.0pt
* \headsep=25.0pt
* \topskip=10.0pt
* \footskip=30.0pt
* \marginparwidth=65.0pt
* \marginparsep=11.0pt
* \columnsep=10.0pt
* \skip\footins=9.0pt plus 4.0pt minus 2.0pt
* \hoffset=0.0pt
* \voffset=0.0pt
* \mag=1000
* \@twocolumnfalse
* \@twosidefalse
* \@mparswitchfalse
* \@reversemarginfalse
* (1in=72.27pt=25.4mm, 1cm=28.453pt)

[1

{C:/Users/berryap/AppData/Local/MiKTeX/2.9/pdftex/config/pdftex.map}]
LaTeX Font Info:    External font `cmex10' loaded for size
(Font)              <12> on input line 24.
LaTeX Font Info:    External font `cmex10' loaded for size
(Font)              <8> on input line 24.
LaTeX Font Info:    External font `cmex10' loaded for size
(Font)              <6> on input line 24.

! Undefined control sequence.
<recently read> \scalebox 
                          
l.29 \scalebox
              {.75}{%
? 

! LaTeX Error: Environment tikzpicture undefined.

See the LaTeX manual or LaTeX Companion for explanation.
Type  H <return>  for immediate help.
 ...                                              
                                                  
l.30 \begin{tikzpicture}
                        [node distance=1cm, auto]
? 
! Undefined control sequence.
l.31     \node
               (dsc) [datasrc] {Data (.csv file)};
? 
! Undefined control sequence.
l.32     \node
               (pandas) [tool, right=1cm of dsc, align=center] {Pandas\\(dat...

? 
! Undefined control sequence.
l.33     \node
               (train) [bordered, above right=1cm of pandas] {Training set (...

? 
! Undefined control sequence.
l.35     \node
               (test) [bordered, below = 1cm of train] {Test data (n-k rows)};
? 
! Undefined control sequence.
l.36     \draw
               [arrow] (dsc) -- (pandas);
? 
! Undefined control sequence.
l.37     \draw
               [arrow] (pandas) -- (train);
? 
! Undefined control sequence.
l.38     \draw
               [arrow] (pandas) -- (test);
? 
! Undefined control sequence.
l.39     \node
               (a1) [agent, right=1cm of train] {Agent 1};
? 
! Undefined control sequence.
l.40     \node
               (a2) [agent, below of = a1] {Agent 2};
? 
! Undefined control sequence.
l.41     \node
               (ell) [ellipsis, below of = a2,align=center] {\vdots};
? 
! Undefined control sequence.
l.42     \node
               (a3) [agent, below of = ell] {Agent m};
? 
! Undefined control sequence.
l.43     \node
               (fans) [bordered, below of = a3] {Final answer};
? 
! Undefined control sequence.
l.44     \draw
              [thick,->] (a1) to[out=-5, in=0] node[right] {Agent 1's ``vote...

? 
! Undefined control sequence.
l.45     \draw
              [thick,->] (a2) to[out=-5, in=0] node[right] {Agent 2's ``vote...

? 
! Undefined control sequence.
l.46     \draw
              [thick,->] (ell) to[out=-5, in=0] node[right] {Agent $(m-1)$'s...

? 
LaTeX Font Info:    External font `cmex10' loaded for size
(Font)              <7> on input line 46.
LaTeX Font Info:    External font `cmex10' loaded for size
(Font)              <5> on input line 46.
! Undefined control sequence.
l.47     \draw
              [thick,->] (a3) to[out=-5, in=0] node[right] {Agent m's ``vote...

? 
! Undefined control sequence.
l.50     \draw
               [arrow] (train) -- (a1);
? 
! Undefined control sequence.
l.51     \draw
               [arrow] (train) -- (a2);
? 
! Undefined control sequence.
l.52     \draw
               [arrow] (train) -- (a3);
? 
! Undefined control sequence.
l.53     \draw
               [arrow] (test) -- (a1);
? 
! Undefined control sequence.
l.54     \draw
               [arrow] (test) -- (a2);
? 
! Undefined control sequence.
l.55     \draw
               [arrow] (test) -- (a3);
? 

Underfull \hbox (badness 10000) in paragraph at lines 27--56

 []


! LaTeX Error: \begin{document} ended by \end{tikzpicture}.

See the LaTeX manual or LaTeX Companion for explanation.
Type  H <return>  for immediate help.
 ...                                              
                                                  
l.57 \end{tikzpicture}
                      
? 

! LaTeX Error: There's no line here to end.

See the LaTeX manual or LaTeX Companion for explanation.
Type  H <return>  for immediate help.
 ...                                              
                                                  
l.59 \\ \\
          
? 

! LaTeX Error: There's no line here to end.

See the LaTeX manual or LaTeX Companion for explanation.
Type  H <return>  for immediate help.
 ...                                              
                                                  
l.60 T
      o explain the above in more detail, the dataset (which is a csv file) ...

? 
[2]
! Undefined control sequence.
l.98 \textcolor
               {blue}{\underline{\href{http://stats.stackexchange.com/questi...

? 
! Undefined control sequence.
l.99 \textcolor
               {blue}{\underline{\href{http://stats.stackexchange.com/questi...

? 

Overfull \hbox (23.35704pt too wide) in paragraph at lines 97--102
[]\OT1/cmr/m/n/10 Available: blue$[]$
 []

! Undefined control sequence.
l.104 \textcolor
                {blue}{\underline{\href{http://www.svms.org/disadvantages.ht...

? 
! Undefined control sequence.
l.110 \textcolor
                {blue}{\underline{\href{https://encrypted.google.com/url?sa=...

? 
! Undefined control sequence.
l.111  \textcolor
                 {blue}{\underline{\href{https://encrypted.google.com/url?sa...

? 
! Undefined control sequence.
l.112  \textcolor
                 {blue}{\underline{\href{https://encrypted.google.com/url?sa...

? 
! Undefined control sequence.
l.113  \textcolor
                 {blue}{\underline{\href{https://encrypted.google.com/url?sa...

? 

Overfull \hbox (22.32939pt too wide) in paragraph at lines 109--115
[]\OT1/cmr/m/n/10 Available: blue$[]$
 []


Overfull \hbox (28.1518pt too wide) in paragraph at lines 109--115
\OT1/cmr/m/n/10 blue$[]$
 []


Overfull \hbox (26.9462pt too wide) in paragraph at lines 109--115
\OT1/cmr/m/n/10 blue$[]$
 []

[3]
Package atveryend Info: Empty hook `BeforeClearDocument' on input line 158.
 [4]
Package atveryend Info: Empty hook `AfterLastShipout' on input line 158.
 (berry_deliverable2.aux)
Package atveryend Info: Executing hook `AtVeryEndDocument' on input line 158.
Package atveryend Info: Executing hook `AtEndAfterFileList' on input line 158.


Package rerunfilecheck Warning: File `berry_deliverable2.out' has changed.
(rerunfilecheck)                Rerun to get outlines right
(rerunfilecheck)                or use package `bookmark'.

Package rerunfilecheck Info: Checksums for `berry_deliverable2.out':
(rerunfilecheck)             Before: <no file>
(rerunfilecheck)             After:  427733A6453244992D78EB5DA27CB89D;422.
Package atveryend Info: Empty hook `AtVeryVeryEnd' on input line 158.
 ) 
Here is how much of TeX's memory you used:
 4703 strings out of 493312
 71570 string characters out of 3128956
 159256 words of memory out of 3000000
 8256 multiletter control sequences out of 15000+200000
 7579 words of font info for 27 fonts, out of 3000000 for 9000
 1141 hyphenation exceptions out of 8191
 28i,6n,32p,565b,339s stack positions out of 5000i,500n,10000p,200000b,50000s
<C:/Users/berryap/AppData/Local/Programs/MiKTeX 2.9/fonts/type1/public/amsfon
ts/cm/cmbx12.pfb><C:/Users/berryap/AppData/Local/Programs/MiKTeX 2.9/fonts/type
1/public/amsfonts/cm/cmmi10.pfb><C:/Users/berryap/AppData/Local/Programs/MiKTeX
 2.9/fonts/type1/public/amsfonts/cm/cmr10.pfb><C:/Users/berryap/AppData/Local/P
rograms/MiKTeX 2.9/fonts/type1/public/amsfonts/cm/cmr12.pfb><C:/Users/berryap/A
ppData/Local/Programs/MiKTeX 2.9/fonts/type1/public/amsfonts/cm/cmr17.pfb><C:/U
sers/berryap/AppData/Local/Programs/MiKTeX 2.9/fonts/type1/public/amsfonts/cm/c
mr7.pfb><C:/Users/berryap/AppData/Local/Programs/MiKTeX 2.9/fonts/type1/public/
amsfonts/cm/cmr9.pfb><C:/Users/berryap/AppData/Local/Programs/MiKTeX 2.9/fonts/
type1/public/amsfonts/cm/cmsy10.pfb>
Output written on berry_deliverable2.pdf (4 pages, 114347 bytes).
PDF statistics:
 71 PDF objects out of 1000 (max. 8388607)
 12 named destinations out of 1000 (max. 500000)
 1 words of extra memory for PDF output out of 10000 (max. 10000000)

